running egg_info
writing ../../build/xbox_controller/xbox_controller.egg-info/PKG-INFO
writing dependency_links to ../../build/xbox_controller/xbox_controller.egg-info/dependency_links.txt
writing entry points to ../../build/xbox_controller/xbox_controller.egg-info/entry_points.txt
writing requirements to ../../build/xbox_controller/xbox_controller.egg-info/requires.txt
writing top-level names to ../../build/xbox_controller/xbox_controller.egg-info/top_level.txt
reading manifest file '../../build/xbox_controller/xbox_controller.egg-info/SOURCES.txt'
adding license file 'LICENSE'
writing manifest file '../../build/xbox_controller/xbox_controller.egg-info/SOURCES.txt'
running build
running build_py
running install
running install_lib
running install_data
running install_egg_info
removing '/home/rav3z/ROS2Humble-Training/ros2_ws/install/xbox_controller/lib/python3.10/site-packages/xbox_controller-0.0.0-py3.10.egg-info' (and everything under it)
Copying ../../build/xbox_controller/xbox_controller.egg-info to /home/rav3z/ROS2Humble-Training/ros2_ws/install/xbox_controller/lib/python3.10/site-packages/xbox_controller-0.0.0-py3.10.egg-info
running install_scripts
Installing joy script to /home/rav3z/ROS2Humble-Training/ros2_ws/install/xbox_controller/lib/xbox_controller
Installing xbox_logger script to /home/rav3z/ROS2Humble-Training/ros2_ws/install/xbox_controller/lib/xbox_controller
Installing xbox_reader script to /home/rav3z/ROS2Humble-Training/ros2_ws/install/xbox_controller/lib/xbox_controller
writing list of installed files to '/home/rav3z/ROS2Humble-Training/ros2_ws/build/xbox_controller/install.log'
