[0.320s] DEBUG:colcon:Command line arguments: ['/usr/bin/colcon', 'build']
[0.320s] DEBUG:colcon:Parsed command line arguments: Namespace(log_base=None, log_level=None, verb_name='build', build_base='build', install_base='install', merge_install=False, symlink_install=False, test_result_base=None, continue_on_error=False, executor='parallel', parallel_workers=8, event_handlers=None, ignore_user_meta=False, metas=['./colcon.meta'], base_paths=['.'], packages_ignore=None, packages_ignore_regex=None, paths=None, packages_up_to=None, packages_up_to_regex=None, packages_above=None, packages_above_and_dependencies=None, packages_above_depth=None, packages_select_by_dep=None, packages_skip_by_dep=None, packages_skip_up_to=None, packages_select_build_failed=False, packages_skip_build_finished=False, packages_select_test_failures=False, packages_skip_test_passed=False, packages_select=None, packages_skip=None, packages_select_regex=None, packages_skip_regex=None, packages_start=None, packages_end=None, allow_overriding=[], cmake_args=None, cmake_target=None, cmake_target_skip_unavailable=False, cmake_clean_cache=False, cmake_clean_first=False, cmake_force_configure=False, ament_cmake_args=None, catkin_cmake_args=None, catkin_skip_building_tests=False, mixin_files=None, mixin=None, verb_parser=<colcon_mixin.mixin.mixin_argument.MixinArgumentDecorator object at 0x7d46decd8f10>, verb_extension=<colcon_core.verb.build.BuildVerb object at 0x7d46dee4ddb0>, main=<bound method BuildVerb.main of <colcon_core.verb.build.BuildVerb object at 0x7d46dee4ddb0>>, mixin_verb=('build',))
[0.484s] Level 1:colcon.colcon_core.package_discovery:discover_packages(colcon_meta) check parameters
[0.484s] Level 1:colcon.colcon_core.package_discovery:discover_packages(recursive) check parameters
[0.484s] Level 1:colcon.colcon_core.package_discovery:discover_packages(ignore) check parameters
[0.484s] Level 1:colcon.colcon_core.package_discovery:discover_packages(path) check parameters
[0.484s] Level 1:colcon.colcon_core.package_discovery:discover_packages(colcon_meta) discover
[0.484s] Level 1:colcon.colcon_core.package_discovery:discover_packages(recursive) discover
[0.484s] INFO:colcon.colcon_core.package_discovery:Crawling recursively for packages in '/home/rav3z/ROS2Humble-Training/ros2_ws'
[0.485s] Level 1:colcon.colcon_core.package_identification:_identify(.) by extensions ['ignore', 'ignore_ament_install']
[0.485s] Level 1:colcon.colcon_core.package_identification:_identify(.) by extension 'ignore'
[0.485s] Level 1:colcon.colcon_core.package_identification:_identify(.) by extension 'ignore_ament_install'
[0.485s] Level 1:colcon.colcon_core.package_identification:_identify(.) by extensions ['colcon_pkg']
[0.485s] Level 1:colcon.colcon_core.package_identification:_identify(.) by extension 'colcon_pkg'
[0.485s] Level 1:colcon.colcon_core.package_identification:_identify(.) by extensions ['colcon_meta']
[0.485s] Level 1:colcon.colcon_core.package_identification:_identify(.) by extension 'colcon_meta'
[0.485s] Level 1:colcon.colcon_core.package_identification:_identify(.) by extensions ['ros']
[0.485s] Level 1:colcon.colcon_core.package_identification:_identify(.) by extension 'ros'
[0.497s] Level 1:colcon.colcon_core.package_identification:_identify(.) by extensions ['cmake', 'python']
[0.497s] Level 1:colcon.colcon_core.package_identification:_identify(.) by extension 'cmake'
[0.497s] Level 1:colcon.colcon_core.package_identification:_identify(.) by extension 'python'
[0.497s] Level 1:colcon.colcon_core.package_identification:_identify(.) by extensions ['python_setup_py']
[0.497s] Level 1:colcon.colcon_core.package_identification:_identify(.) by extension 'python_setup_py'
[0.497s] Level 1:colcon.colcon_core.package_identification:_identify(build) by extensions ['ignore', 'ignore_ament_install']
[0.497s] Level 1:colcon.colcon_core.package_identification:_identify(build) by extension 'ignore'
[0.497s] Level 1:colcon.colcon_core.package_identification:_identify(build) ignored
[0.497s] Level 1:colcon.colcon_core.package_identification:_identify(install) by extensions ['ignore', 'ignore_ament_install']
[0.498s] Level 1:colcon.colcon_core.package_identification:_identify(install) by extension 'ignore'
[0.498s] Level 1:colcon.colcon_core.package_identification:_identify(install) ignored
[0.498s] Level 1:colcon.colcon_core.package_identification:_identify(log) by extensions ['ignore', 'ignore_ament_install']
[0.498s] Level 1:colcon.colcon_core.package_identification:_identify(log) by extension 'ignore'
[0.498s] Level 1:colcon.colcon_core.package_identification:_identify(log) ignored
[0.498s] Level 1:colcon.colcon_core.package_identification:_identify(src) by extensions ['ignore', 'ignore_ament_install']
[0.498s] Level 1:colcon.colcon_core.package_identification:_identify(src) by extension 'ignore'
[0.498s] Level 1:colcon.colcon_core.package_identification:_identify(src) by extension 'ignore_ament_install'
[0.498s] Level 1:colcon.colcon_core.package_identification:_identify(src) by extensions ['colcon_pkg']
[0.498s] Level 1:colcon.colcon_core.package_identification:_identify(src) by extension 'colcon_pkg'
[0.498s] Level 1:colcon.colcon_core.package_identification:_identify(src) by extensions ['colcon_meta']
[0.499s] Level 1:colcon.colcon_core.package_identification:_identify(src) by extension 'colcon_meta'
[0.499s] Level 1:colcon.colcon_core.package_identification:_identify(src) by extensions ['ros']
[0.499s] Level 1:colcon.colcon_core.package_identification:_identify(src) by extension 'ros'
[0.499s] Level 1:colcon.colcon_core.package_identification:_identify(src) by extensions ['cmake', 'python']
[0.499s] Level 1:colcon.colcon_core.package_identification:_identify(src) by extension 'cmake'
[0.499s] Level 1:colcon.colcon_core.package_identification:_identify(src) by extension 'python'
[0.499s] Level 1:colcon.colcon_core.package_identification:_identify(src) by extensions ['python_setup_py']
[0.499s] Level 1:colcon.colcon_core.package_identification:_identify(src) by extension 'python_setup_py'
[0.499s] Level 1:colcon.colcon_core.package_identification:_identify(src/xbox_controller) by extensions ['ignore', 'ignore_ament_install']
[0.499s] Level 1:colcon.colcon_core.package_identification:_identify(src/xbox_controller) by extension 'ignore'
[0.499s] Level 1:colcon.colcon_core.package_identification:_identify(src/xbox_controller) by extension 'ignore_ament_install'
[0.499s] Level 1:colcon.colcon_core.package_identification:_identify(src/xbox_controller) by extensions ['colcon_pkg']
[0.499s] Level 1:colcon.colcon_core.package_identification:_identify(src/xbox_controller) by extension 'colcon_pkg'
[0.499s] Level 1:colcon.colcon_core.package_identification:_identify(src/xbox_controller) by extensions ['colcon_meta']
[0.499s] Level 1:colcon.colcon_core.package_identification:_identify(src/xbox_controller) by extension 'colcon_meta'
[0.499s] Level 1:colcon.colcon_core.package_identification:_identify(src/xbox_controller) by extensions ['ros']
[0.499s] Level 1:colcon.colcon_core.package_identification:_identify(src/xbox_controller) by extension 'ros'
[0.502s] DEBUG:colcon.colcon_core.package_identification:Package 'src/xbox_controller' with type 'ros.ament_python' and name 'xbox_controller'
[0.502s] Level 1:colcon.colcon_core.package_discovery:discover_packages(recursive) using defaults
[0.502s] Level 1:colcon.colcon_core.package_discovery:discover_packages(ignore) discover
[0.502s] Level 1:colcon.colcon_core.package_discovery:discover_packages(ignore) using defaults
[0.502s] Level 1:colcon.colcon_core.package_discovery:discover_packages(path) discover
[0.502s] Level 1:colcon.colcon_core.package_discovery:discover_packages(path) using defaults
[0.519s] Level 1:colcon.colcon_core.package_discovery:discover_packages(prefix_path) check parameters
[0.519s] Level 1:colcon.colcon_core.package_discovery:discover_packages(prefix_path) discover
[0.521s] DEBUG:colcon.colcon_installed_package_information.package_discovery:Found 1 installed packages in /home/rav3z/ROS2Humble-Training/ros2_ws/install
[0.522s] DEBUG:colcon.colcon_installed_package_information.package_discovery:Found 182 installed packages in /opt/ros/humble
[0.533s] Level 1:colcon.colcon_core.package_discovery:discover_packages(prefix_path) using defaults
[0.557s] Level 5:colcon.colcon_core.verb:set package 'xbox_controller' build argument 'cmake_args' from command line to 'None'
[0.558s] Level 5:colcon.colcon_core.verb:set package 'xbox_controller' build argument 'cmake_target' from command line to 'None'
[0.558s] Level 5:colcon.colcon_core.verb:set package 'xbox_controller' build argument 'cmake_target_skip_unavailable' from command line to 'False'
[0.558s] Level 5:colcon.colcon_core.verb:set package 'xbox_controller' build argument 'cmake_clean_cache' from command line to 'False'
[0.558s] Level 5:colcon.colcon_core.verb:set package 'xbox_controller' build argument 'cmake_clean_first' from command line to 'False'
[0.558s] Level 5:colcon.colcon_core.verb:set package 'xbox_controller' build argument 'cmake_force_configure' from command line to 'False'
[0.558s] Level 5:colcon.colcon_core.verb:set package 'xbox_controller' build argument 'ament_cmake_args' from command line to 'None'
[0.558s] Level 5:colcon.colcon_core.verb:set package 'xbox_controller' build argument 'catkin_cmake_args' from command line to 'None'
[0.558s] Level 5:colcon.colcon_core.verb:set package 'xbox_controller' build argument 'catkin_skip_building_tests' from command line to 'False'
[0.558s] DEBUG:colcon.colcon_core.verb:Building package 'xbox_controller' with the following arguments: {'ament_cmake_args': None, 'build_base': '/home/rav3z/ROS2Humble-Training/ros2_ws/build/xbox_controller', 'catkin_cmake_args': None, 'catkin_skip_building_tests': False, 'cmake_args': None, 'cmake_clean_cache': False, 'cmake_clean_first': False, 'cmake_force_configure': False, 'cmake_target': None, 'cmake_target_skip_unavailable': False, 'install_base': '/home/rav3z/ROS2Humble-Training/ros2_ws/install/xbox_controller', 'merge_install': False, 'path': '/home/rav3z/ROS2Humble-Training/ros2_ws/src/xbox_controller', 'symlink_install': False, 'test_result_base': None}
[0.559s] INFO:colcon.colcon_core.executor:Executing jobs using 'parallel' executor
[0.560s] DEBUG:colcon.colcon_parallel_executor.executor.parallel:run_until_complete
[0.561s] INFO:colcon.colcon_ros.task.ament_python.build:Building ROS package in '/home/rav3z/ROS2Humble-Training/ros2_ws/src/xbox_controller' with build type 'ament_python'
[0.561s] Level 1:colcon.colcon_core.shell:create_environment_hook('xbox_controller', 'ament_prefix_path')
[0.564s] INFO:colcon.colcon_core.plugin_system:Skipping extension 'colcon_core.shell.bat': Not used on non-Windows systems
[0.565s] INFO:colcon.colcon_core.shell:Creating environment hook '/home/rav3z/ROS2Humble-Training/ros2_ws/install/xbox_controller/share/xbox_controller/hook/ament_prefix_path.ps1'
[0.565s] INFO:colcon.colcon_core.shell:Creating environment descriptor '/home/rav3z/ROS2Humble-Training/ros2_ws/install/xbox_controller/share/xbox_controller/hook/ament_prefix_path.dsv'
[0.566s] INFO:colcon.colcon_core.shell:Creating environment hook '/home/rav3z/ROS2Humble-Training/ros2_ws/install/xbox_controller/share/xbox_controller/hook/ament_prefix_path.sh'
[0.566s] INFO:colcon.colcon_core.shell:Skip shell extension 'powershell' for command environment: Not usable outside of PowerShell
[0.567s] DEBUG:colcon.colcon_core.shell:Skip shell extension 'dsv' for command environment
[0.835s] INFO:colcon.colcon_core.task.python.build:Building Python package in '/home/rav3z/ROS2Humble-Training/ros2_ws/src/xbox_controller'
[0.835s] INFO:colcon.colcon_core.shell:Skip shell extension 'powershell' for command environment: Not usable outside of PowerShell
[0.836s] DEBUG:colcon.colcon_core.shell:Skip shell extension 'dsv' for command environment
[1.258s] DEBUG:colcon.colcon_core.event_handler.log_command:Invoking command in '/home/rav3z/ROS2Humble-Training/ros2_ws/src/xbox_controller': PYTHONPATH=/home/rav3z/ROS2Humble-Training/ros2_ws/build/xbox_controller/prefix_override:/usr/lib/python3/dist-packages/colcon_core/task/python/colcon_distutils_commands:/home/rav3z/ROS2Humble-Training/ros2_ws/install/xbox_controller/lib/python3.10/site-packages:${PYTHONPATH} /usr/bin/python3 -W ignore:setup.py install is deprecated -W ignore:easy_install command is deprecated setup.py egg_info --egg-base ../../build/xbox_controller build --build-base /home/rav3z/ROS2Humble-Training/ros2_ws/build/xbox_controller/build install --record /home/rav3z/ROS2Humble-Training/ros2_ws/build/xbox_controller/install.log --single-version-externally-managed install_data
[1.601s] DEBUG:colcon.colcon_core.event_handler.log_command:Invoked command in '/home/rav3z/ROS2Humble-Training/ros2_ws/src/xbox_controller' returned '0': PYTHONPATH=/home/rav3z/ROS2Humble-Training/ros2_ws/build/xbox_controller/prefix_override:/usr/lib/python3/dist-packages/colcon_core/task/python/colcon_distutils_commands:/home/rav3z/ROS2Humble-Training/ros2_ws/install/xbox_controller/lib/python3.10/site-packages:${PYTHONPATH} /usr/bin/python3 -W ignore:setup.py install is deprecated -W ignore:easy_install command is deprecated setup.py egg_info --egg-base ../../build/xbox_controller build --build-base /home/rav3z/ROS2Humble-Training/ros2_ws/build/xbox_controller/build install --record /home/rav3z/ROS2Humble-Training/ros2_ws/build/xbox_controller/install.log --single-version-externally-managed install_data
[1.604s] Level 1:colcon.colcon_core.environment:checking '/home/rav3z/ROS2Humble-Training/ros2_ws/install/xbox_controller' for CMake module files
[1.605s] Level 1:colcon.colcon_core.environment:checking '/home/rav3z/ROS2Humble-Training/ros2_ws/install/xbox_controller' for CMake config files
[1.605s] Level 1:colcon.colcon_core.environment:checking '/home/rav3z/ROS2Humble-Training/ros2_ws/install/xbox_controller/lib'
[1.606s] Level 1:colcon.colcon_core.environment:checking '/home/rav3z/ROS2Humble-Training/ros2_ws/install/xbox_controller/bin'
[1.606s] Level 1:colcon.colcon_core.environment:checking '/home/rav3z/ROS2Humble-Training/ros2_ws/install/xbox_controller/lib/pkgconfig/xbox_controller.pc'
[1.606s] Level 1:colcon.colcon_core.environment:checking '/home/rav3z/ROS2Humble-Training/ros2_ws/install/xbox_controller/lib/python3.10/site-packages'
[1.606s] Level 1:colcon.colcon_core.shell:create_environment_hook('xbox_controller', 'pythonpath')
[1.606s] INFO:colcon.colcon_core.shell:Creating environment hook '/home/rav3z/ROS2Humble-Training/ros2_ws/install/xbox_controller/share/xbox_controller/hook/pythonpath.ps1'
[1.607s] INFO:colcon.colcon_core.shell:Creating environment descriptor '/home/rav3z/ROS2Humble-Training/ros2_ws/install/xbox_controller/share/xbox_controller/hook/pythonpath.dsv'
[1.607s] INFO:colcon.colcon_core.shell:Creating environment hook '/home/rav3z/ROS2Humble-Training/ros2_ws/install/xbox_controller/share/xbox_controller/hook/pythonpath.sh'
[1.608s] Level 1:colcon.colcon_core.environment:checking '/home/rav3z/ROS2Humble-Training/ros2_ws/install/xbox_controller/bin'
[1.608s] Level 1:colcon.colcon_core.environment:create_environment_scripts_only(xbox_controller)
[1.609s] INFO:colcon.colcon_core.shell:Creating package script '/home/rav3z/ROS2Humble-Training/ros2_ws/install/xbox_controller/share/xbox_controller/package.ps1'
[1.609s] INFO:colcon.colcon_core.shell:Creating package descriptor '/home/rav3z/ROS2Humble-Training/ros2_ws/install/xbox_controller/share/xbox_controller/package.dsv'
[1.610s] INFO:colcon.colcon_core.shell:Creating package script '/home/rav3z/ROS2Humble-Training/ros2_ws/install/xbox_controller/share/xbox_controller/package.sh'
[1.611s] INFO:colcon.colcon_core.shell:Creating package script '/home/rav3z/ROS2Humble-Training/ros2_ws/install/xbox_controller/share/xbox_controller/package.bash'
[1.612s] INFO:colcon.colcon_core.shell:Creating package script '/home/rav3z/ROS2Humble-Training/ros2_ws/install/xbox_controller/share/xbox_controller/package.zsh'
[1.613s] Level 1:colcon.colcon_core.environment:create_file_with_runtime_dependencies(/home/rav3z/ROS2Humble-Training/ros2_ws/install/xbox_controller/share/colcon-core/packages/xbox_controller)
[1.614s] DEBUG:colcon.colcon_parallel_executor.executor.parallel:closing loop
[1.615s] DEBUG:colcon.colcon_parallel_executor.executor.parallel:loop closed
[1.616s] DEBUG:colcon.colcon_parallel_executor.executor.parallel:run_until_complete finished with '0'
[1.616s] DEBUG:colcon.colcon_core.event_reactor:joining thread
[1.666s] INFO:colcon.colcon_core.plugin_system:Skipping extension 'colcon_notification.desktop_notification.notify_send': Could not find 'notify-send'
[1.666s] INFO:colcon.colcon_core.plugin_system:Skipping extension 'colcon_notification.desktop_notification.terminal_notifier': Not used on non-Darwin systems
[1.666s] INFO:colcon.colcon_core.plugin_system:Skipping extension 'colcon_notification.desktop_notification.win32': Not used on non-Windows systems
[1.666s] INFO:colcon.colcon_notification.desktop_notification:Sending desktop notification using 'notify2'
[1.667s] DEBUG:colcon.colcon_notification.desktop_notification.notify2:Failed to initialize notify2: org.freedesktop.DBus.Error.FileNotFound: Failed to connect to socket /run/user/1000/bus: No such file or directory
[1.667s] DEBUG:colcon.colcon_core.event_reactor:joined thread
[1.667s] INFO:colcon.colcon_core.shell:Creating prefix script '/home/rav3z/ROS2Humble-Training/ros2_ws/install/local_setup.ps1'
[1.669s] INFO:colcon.colcon_core.shell:Creating prefix util module '/home/rav3z/ROS2Humble-Training/ros2_ws/install/_local_setup_util_ps1.py'
[1.671s] INFO:colcon.colcon_core.shell:Creating prefix chain script '/home/rav3z/ROS2Humble-Training/ros2_ws/install/setup.ps1'
[1.672s] INFO:colcon.colcon_core.shell:Creating prefix script '/home/rav3z/ROS2Humble-Training/ros2_ws/install/local_setup.sh'
[1.673s] INFO:colcon.colcon_core.shell:Creating prefix util module '/home/rav3z/ROS2Humble-Training/ros2_ws/install/_local_setup_util_sh.py'
[1.674s] INFO:colcon.colcon_core.shell:Creating prefix chain script '/home/rav3z/ROS2Humble-Training/ros2_ws/install/setup.sh'
[1.675s] INFO:colcon.colcon_core.shell:Creating prefix script '/home/rav3z/ROS2Humble-Training/ros2_ws/install/local_setup.bash'
[1.676s] INFO:colcon.colcon_core.shell:Creating prefix chain script '/home/rav3z/ROS2Humble-Training/ros2_ws/install/setup.bash'
[1.677s] INFO:colcon.colcon_core.shell:Creating prefix script '/home/rav3z/ROS2Humble-Training/ros2_ws/install/local_setup.zsh'
[1.678s] INFO:colcon.colcon_core.shell:Creating prefix chain script '/home/rav3z/ROS2Humble-Training/ros2_ws/install/setup.zsh'
