[1.249s] Invoking command in '/home/jorda/ROS2Humble-Training/ros2_ws/src/build/xbox_controller': PYTHONPATH=/home/jorda/ROS2Humble-Training/ros2_ws/src/build/xbox_controller/prefix_override:/home/jorda/.local/lib/python3.10/site-packages/colcon_core/task/python/colcon_distutils_commands:/home/jorda/ROS2Humble-Training/ros2_ws/src/install/xbox_controller/lib/python3.10/site-packages:${PYTHONPATH} /usr/bin/python3 -W ignore:setup.py install is deprecated -W ignore:easy_install command is deprecated setup.py develop --editable --build-directory /home/jorda/ROS2Humble-Training/ros2_ws/src/build/xbox_controller/build --no-deps symlink_data
[1.804s] running develop
[2.166s] running egg_info
[2.167s] creating xbox_controller.egg-info
[2.167s] writing xbox_controller.egg-info/PKG-INFO
[2.167s] writing dependency_links to xbox_controller.egg-info/dependency_links.txt
[2.167s] writing entry points to xbox_controller.egg-info/entry_points.txt
[2.168s] writing requirements to xbox_controller.egg-info/requires.txt
[2.168s] writing top-level names to xbox_controller.egg-info/top_level.txt
[2.168s] writing manifest file 'xbox_controller.egg-info/SOURCES.txt'
[2.171s] reading manifest file 'xbox_controller.egg-info/SOURCES.txt'
[2.172s] writing manifest file 'xbox_controller.egg-info/SOURCES.txt'
[2.175s] running build_ext
[2.175s] Creating /home/jorda/ROS2Humble-Training/ros2_ws/src/install/xbox_controller/lib/python3.10/site-packages/xbox-controller.egg-link (link to .)
[2.177s] Installing joynode_subscriber script to /home/jorda/ROS2Humble-Training/ros2_ws/src/install/xbox_controller/lib/xbox_controller
[2.178s] 
[2.178s] Installed /home/jorda/ROS2Humble-Training/ros2_ws/src/build/xbox_controller
[2.178s] running symlink_data
[2.178s] creating /home/jorda/ROS2Humble-Training/ros2_ws/src/install/xbox_controller/share
[2.179s] creating /home/jorda/ROS2Humble-Training/ros2_ws/src/install/xbox_controller/share/ament_index
[2.179s] creating /home/jorda/ROS2Humble-Training/ros2_ws/src/install/xbox_controller/share/ament_index/resource_index
[2.179s] creating /home/jorda/ROS2Humble-Training/ros2_ws/src/install/xbox_controller/share/ament_index/resource_index/packages
[2.179s] symbolically linking /home/jorda/ROS2Humble-Training/ros2_ws/src/build/xbox_controller/resource/xbox_controller -> /home/jorda/ROS2Humble-Training/ros2_ws/src/install/xbox_controller/share/ament_index/resource_index/packages
[2.179s] creating /home/jorda/ROS2Humble-Training/ros2_ws/src/install/xbox_controller/share/xbox_controller
[2.179s] symbolically linking /home/jorda/ROS2Humble-Training/ros2_ws/src/build/xbox_controller/package.xml -> /home/jorda/ROS2Humble-Training/ros2_ws/src/install/xbox_controller/share/xbox_controller
[2.225s] Invoked command in '/home/jorda/ROS2Humble-Training/ros2_ws/src/build/xbox_controller' returned '0': PYTHONPATH=/home/jorda/ROS2Humble-Training/ros2_ws/src/build/xbox_controller/prefix_override:/home/jorda/.local/lib/python3.10/site-packages/colcon_core/task/python/colcon_distutils_commands:/home/jorda/ROS2Humble-Training/ros2_ws/src/install/xbox_controller/lib/python3.10/site-packages:${PYTHONPATH} /usr/bin/python3 -W ignore:setup.py install is deprecated -W ignore:easy_install command is deprecated setup.py develop --editable --build-directory /home/jorda/ROS2Humble-Training/ros2_ws/src/build/xbox_controller/build --no-deps symlink_data
