[0.304s] DEBUG:colcon:Command line arguments: ['/home/jorda/.local/bin/colcon', 'build', '--symlink-install']
[0.305s] DEBUG:colcon:Parsed command line arguments: Namespace(log_base=None, log_level=None, verb_name='build', build_base='build', install_base='install', merge_install=False, symlink_install=True, test_result_base=None, continue_on_error=False, executor='parallel', parallel_workers=12, event_handlers=None, ignore_user_meta=False, metas=['./colcon.meta'], base_paths=['.'], packages_ignore=None, packages_ignore_regex=None, paths=None, packages_up_to=None, packages_up_to_regex=None, packages_above=None, packages_above_and_dependencies=None, packages_above_depth=None, packages_select_by_dep=None, packages_skip_by_dep=None, packages_skip_up_to=None, packages_select_build_failed=False, packages_skip_build_finished=False, packages_select_test_failures=False, packages_skip_test_passed=False, packages_select=None, packages_skip=None, packages_select_regex=None, packages_skip_regex=None, packages_start=None, packages_end=None, allow_overriding=[], cmake_args=None, cmake_target=None, cmake_target_skip_unavailable=False, cmake_clean_cache=False, cmake_clean_first=False, cmake_force_configure=False, ament_cmake_args=None, catkin_cmake_args=None, catkin_skip_building_tests=False, mixin_files=None, mixin=None, verb_parser=<colcon_mixin.mixin.mixin_argument.MixinArgumentDecorator object at 0x7bf35cc45480>, verb_extension=<colcon_core.verb.build.BuildVerb object at 0x7bf35cc44a00>, main=<bound method BuildVerb.main of <colcon_core.verb.build.BuildVerb object at 0x7bf35cc44a00>>, mixin_verb=('build',))
[0.647s] Level 1:colcon.colcon_core.package_discovery:discover_packages(colcon_meta) check parameters
[0.647s] Level 1:colcon.colcon_core.package_discovery:discover_packages(recursive) check parameters
[0.647s] Level 1:colcon.colcon_core.package_discovery:discover_packages(ignore) check parameters
[0.647s] Level 1:colcon.colcon_core.package_discovery:discover_packages(path) check parameters
[0.647s] Level 1:colcon.colcon_core.package_discovery:discover_packages(colcon_meta) discover
[0.647s] Level 1:colcon.colcon_core.package_discovery:discover_packages(recursive) discover
[0.647s] INFO:colcon.colcon_core.package_discovery:Crawling recursively for packages in '/home/jorda/ROS2Humble-Training/ros2_ws/src'
[0.647s] Level 1:colcon.colcon_core.package_identification:_identify(.) by extensions ['ignore', 'ignore_ament_install']
[0.648s] Level 1:colcon.colcon_core.package_identification:_identify(.) by extension 'ignore'
[0.648s] Level 1:colcon.colcon_core.package_identification:_identify(.) by extension 'ignore_ament_install'
[0.648s] Level 1:colcon.colcon_core.package_identification:_identify(.) by extensions ['colcon_pkg']
[0.648s] Level 1:colcon.colcon_core.package_identification:_identify(.) by extension 'colcon_pkg'
[0.648s] Level 1:colcon.colcon_core.package_identification:_identify(.) by extensions ['colcon_meta']
[0.648s] Level 1:colcon.colcon_core.package_identification:_identify(.) by extension 'colcon_meta'
[0.648s] Level 1:colcon.colcon_core.package_identification:_identify(.) by extensions ['ros']
[0.648s] Level 1:colcon.colcon_core.package_identification:_identify(.) by extension 'ros'
[0.672s] Level 1:colcon.colcon_core.package_identification:_identify(.) by extensions ['cmake', 'python']
[0.672s] Level 1:colcon.colcon_core.package_identification:_identify(.) by extension 'cmake'
[0.672s] Level 1:colcon.colcon_core.package_identification:_identify(.) by extension 'python'
[0.672s] Level 1:colcon.colcon_core.package_identification:_identify(.) by extensions ['python_setup_py']
[0.672s] Level 1:colcon.colcon_core.package_identification:_identify(.) by extension 'python_setup_py'
[0.673s] Level 1:colcon.colcon_core.package_identification:_identify(build) by extensions ['ignore', 'ignore_ament_install']
[0.673s] Level 1:colcon.colcon_core.package_identification:_identify(build) by extension 'ignore'
[0.673s] Level 1:colcon.colcon_core.package_identification:_identify(build) ignored
[0.673s] Level 1:colcon.colcon_core.package_identification:_identify(install) by extensions ['ignore', 'ignore_ament_install']
[0.673s] Level 1:colcon.colcon_core.package_identification:_identify(install) by extension 'ignore'
[0.673s] Level 1:colcon.colcon_core.package_identification:_identify(install) ignored
[0.674s] Level 1:colcon.colcon_core.package_identification:_identify(log) by extensions ['ignore', 'ignore_ament_install']
[0.674s] Level 1:colcon.colcon_core.package_identification:_identify(log) by extension 'ignore'
[0.674s] Level 1:colcon.colcon_core.package_identification:_identify(log) ignored
[0.674s] Level 1:colcon.colcon_core.package_identification:_identify(xbox_controller) by extensions ['ignore', 'ignore_ament_install']
[0.674s] Level 1:colcon.colcon_core.package_identification:_identify(xbox_controller) by extension 'ignore'
[0.674s] Level 1:colcon.colcon_core.package_identification:_identify(xbox_controller) by extension 'ignore_ament_install'
[0.674s] Level 1:colcon.colcon_core.package_identification:_identify(xbox_controller) by extensions ['colcon_pkg']
[0.675s] Level 1:colcon.colcon_core.package_identification:_identify(xbox_controller) by extension 'colcon_pkg'
[0.675s] Level 1:colcon.colcon_core.package_identification:_identify(xbox_controller) by extensions ['colcon_meta']
[0.675s] Level 1:colcon.colcon_core.package_identification:_identify(xbox_controller) by extension 'colcon_meta'
[0.675s] Level 1:colcon.colcon_core.package_identification:_identify(xbox_controller) by extensions ['ros']
[0.675s] Level 1:colcon.colcon_core.package_identification:_identify(xbox_controller) by extension 'ros'
[0.680s] DEBUG:colcon.colcon_core.package_identification:Package 'xbox_controller' with type 'ros.ament_python' and name 'xbox_controller'
[0.680s] Level 1:colcon.colcon_core.package_discovery:discover_packages(recursive) using defaults
[0.680s] Level 1:colcon.colcon_core.package_discovery:discover_packages(ignore) discover
[0.680s] Level 1:colcon.colcon_core.package_discovery:discover_packages(ignore) using defaults
[0.680s] Level 1:colcon.colcon_core.package_discovery:discover_packages(path) discover
[0.680s] Level 1:colcon.colcon_core.package_discovery:discover_packages(path) using defaults
[0.721s] Level 1:colcon.colcon_core.package_discovery:discover_packages(prefix_path) check parameters
[0.721s] Level 1:colcon.colcon_core.package_discovery:discover_packages(prefix_path) discover
[0.723s] WARNING:colcon.colcon_ros.prefix_path.ament:The path '/home/jorda/ROS2Humble-Training/ros2_ws/src/install/py_joy' in the environment variable AMENT_PREFIX_PATH doesn't exist
[0.725s] DEBUG:colcon.colcon_installed_package_information.package_discovery:Found 1 installed packages in /home/jorda/ROS2Humble-Training/ros2_ws/src/install
[0.728s] DEBUG:colcon.colcon_installed_package_information.package_discovery:Found 276 installed packages in /opt/ros/humble
[0.732s] Level 1:colcon.colcon_core.package_discovery:discover_packages(prefix_path) using defaults
[0.831s] Level 5:colcon.colcon_core.verb:set package 'xbox_controller' build argument 'cmake_args' from command line to 'None'
[0.831s] Level 5:colcon.colcon_core.verb:set package 'xbox_controller' build argument 'cmake_target' from command line to 'None'
[0.831s] Level 5:colcon.colcon_core.verb:set package 'xbox_controller' build argument 'cmake_target_skip_unavailable' from command line to 'False'
[0.831s] Level 5:colcon.colcon_core.verb:set package 'xbox_controller' build argument 'cmake_clean_cache' from command line to 'False'
[0.831s] Level 5:colcon.colcon_core.verb:set package 'xbox_controller' build argument 'cmake_clean_first' from command line to 'False'
[0.831s] Level 5:colcon.colcon_core.verb:set package 'xbox_controller' build argument 'cmake_force_configure' from command line to 'False'
[0.831s] Level 5:colcon.colcon_core.verb:set package 'xbox_controller' build argument 'ament_cmake_args' from command line to 'None'
[0.831s] Level 5:colcon.colcon_core.verb:set package 'xbox_controller' build argument 'catkin_cmake_args' from command line to 'None'
[0.831s] Level 5:colcon.colcon_core.verb:set package 'xbox_controller' build argument 'catkin_skip_building_tests' from command line to 'False'
[0.831s] DEBUG:colcon.colcon_core.verb:Building package 'xbox_controller' with the following arguments: {'ament_cmake_args': None, 'build_base': '/home/jorda/ROS2Humble-Training/ros2_ws/src/build/xbox_controller', 'catkin_cmake_args': None, 'catkin_skip_building_tests': False, 'cmake_args': None, 'cmake_clean_cache': False, 'cmake_clean_first': False, 'cmake_force_configure': False, 'cmake_target': None, 'cmake_target_skip_unavailable': False, 'install_base': '/home/jorda/ROS2Humble-Training/ros2_ws/src/install/xbox_controller', 'merge_install': False, 'path': '/home/jorda/ROS2Humble-Training/ros2_ws/src/xbox_controller', 'symlink_install': True, 'test_result_base': None}
[0.831s] INFO:colcon.colcon_core.executor:Executing jobs using 'parallel' executor
[0.834s] DEBUG:colcon.colcon_parallel_executor.executor.parallel:run_until_complete
[0.834s] INFO:colcon.colcon_ros.task.ament_python.build:Building ROS package in '/home/jorda/ROS2Humble-Training/ros2_ws/src/xbox_controller' with build type 'ament_python'
[0.834s] Level 1:colcon.colcon_core.shell:create_environment_hook('xbox_controller', 'ament_prefix_path')
[0.839s] INFO:colcon.colcon_core.plugin_system:Skipping extension 'colcon_core.shell.bat': Not used on non-Windows systems
[0.839s] INFO:colcon.colcon_core.shell:Creating environment hook '/home/jorda/ROS2Humble-Training/ros2_ws/src/install/xbox_controller/share/xbox_controller/hook/ament_prefix_path.ps1'
[0.841s] INFO:colcon.colcon_core.shell:Creating environment descriptor '/home/jorda/ROS2Humble-Training/ros2_ws/src/install/xbox_controller/share/xbox_controller/hook/ament_prefix_path.dsv'
[0.842s] INFO:colcon.colcon_core.shell:Creating environment hook '/home/jorda/ROS2Humble-Training/ros2_ws/src/install/xbox_controller/share/xbox_controller/hook/ament_prefix_path.sh'
[0.844s] INFO:colcon.colcon_core.shell:Skip shell extension 'powershell' for command environment: Not usable outside of PowerShell
[0.844s] DEBUG:colcon.colcon_core.shell:Skip shell extension 'dsv' for command environment
[1.433s] INFO:colcon.colcon_core.task.python.build:Building Python package in '/home/jorda/ROS2Humble-Training/ros2_ws/src/xbox_controller'
[1.433s] INFO:colcon.colcon_core.shell:Skip shell extension 'powershell' for command environment: Not usable outside of PowerShell
[1.433s] DEBUG:colcon.colcon_core.shell:Skip shell extension 'dsv' for command environment
[2.185s] DEBUG:colcon.colcon_core.event_handler.log_command:Invoking command in '/home/jorda/ROS2Humble-Training/ros2_ws/src/build/xbox_controller': PYTHONPATH=/home/jorda/ROS2Humble-Training/ros2_ws/src/build/xbox_controller/prefix_override:/home/jorda/.local/lib/python3.10/site-packages/colcon_core/task/python/colcon_distutils_commands:/home/jorda/ROS2Humble-Training/ros2_ws/src/install/xbox_controller/lib/python3.10/site-packages:${PYTHONPATH} /usr/bin/python3 -W ignore:setup.py install is deprecated -W ignore:easy_install command is deprecated setup.py develop --editable --build-directory /home/jorda/ROS2Humble-Training/ros2_ws/src/build/xbox_controller/build --no-deps symlink_data
[3.248s] Level 1:colcon.colcon_core.shell:create_environment_hook('xbox_controller', 'pythonpath_develop')
[3.249s] INFO:colcon.colcon_core.shell:Creating environment hook '/home/jorda/ROS2Humble-Training/ros2_ws/src/build/xbox_controller/share/xbox_controller/hook/pythonpath_develop.ps1'
[3.250s] DEBUG:colcon.colcon_core.event_handler.log_command:Invoked command in '/home/jorda/ROS2Humble-Training/ros2_ws/src/build/xbox_controller' returned '0': PYTHONPATH=/home/jorda/ROS2Humble-Training/ros2_ws/src/build/xbox_controller/prefix_override:/home/jorda/.local/lib/python3.10/site-packages/colcon_core/task/python/colcon_distutils_commands:/home/jorda/ROS2Humble-Training/ros2_ws/src/install/xbox_controller/lib/python3.10/site-packages:${PYTHONPATH} /usr/bin/python3 -W ignore:setup.py install is deprecated -W ignore:easy_install command is deprecated setup.py develop --editable --build-directory /home/jorda/ROS2Humble-Training/ros2_ws/src/build/xbox_controller/build --no-deps symlink_data
[3.250s] INFO:colcon.colcon_core.shell:Creating environment descriptor '/home/jorda/ROS2Humble-Training/ros2_ws/src/build/xbox_controller/share/xbox_controller/hook/pythonpath_develop.dsv'
[3.251s] INFO:colcon.colcon_core.shell:Creating environment hook '/home/jorda/ROS2Humble-Training/ros2_ws/src/build/xbox_controller/share/xbox_controller/hook/pythonpath_develop.sh'
[3.258s] Level 1:colcon.colcon_core.environment:checking '/home/jorda/ROS2Humble-Training/ros2_ws/src/install/xbox_controller' for CMake module files
[3.259s] Level 1:colcon.colcon_core.environment:checking '/home/jorda/ROS2Humble-Training/ros2_ws/src/install/xbox_controller' for CMake config files
[3.260s] Level 1:colcon.colcon_core.environment:checking '/home/jorda/ROS2Humble-Training/ros2_ws/src/install/xbox_controller/lib'
[3.260s] Level 1:colcon.colcon_core.environment:checking '/home/jorda/ROS2Humble-Training/ros2_ws/src/install/xbox_controller/bin'
[3.261s] Level 1:colcon.colcon_core.environment:checking '/home/jorda/ROS2Humble-Training/ros2_ws/src/install/xbox_controller/lib/pkgconfig/xbox_controller.pc'
[3.261s] Level 1:colcon.colcon_core.environment:checking '/home/jorda/ROS2Humble-Training/ros2_ws/src/install/xbox_controller/lib/python3.10/site-packages'
[3.261s] Level 1:colcon.colcon_core.shell:create_environment_hook('xbox_controller', 'pythonpath')
[3.262s] INFO:colcon.colcon_core.shell:Creating environment hook '/home/jorda/ROS2Humble-Training/ros2_ws/src/install/xbox_controller/share/xbox_controller/hook/pythonpath.ps1'
[3.263s] INFO:colcon.colcon_core.shell:Creating environment descriptor '/home/jorda/ROS2Humble-Training/ros2_ws/src/install/xbox_controller/share/xbox_controller/hook/pythonpath.dsv'
[3.264s] INFO:colcon.colcon_core.shell:Creating environment hook '/home/jorda/ROS2Humble-Training/ros2_ws/src/install/xbox_controller/share/xbox_controller/hook/pythonpath.sh'
[3.265s] Level 1:colcon.colcon_core.environment:checking '/home/jorda/ROS2Humble-Training/ros2_ws/src/install/xbox_controller/bin'
[3.265s] Level 1:colcon.colcon_core.environment:create_environment_scripts_only(xbox_controller)
[3.266s] INFO:colcon.colcon_core.shell:Creating package script '/home/jorda/ROS2Humble-Training/ros2_ws/src/install/xbox_controller/share/xbox_controller/package.ps1'
[3.268s] INFO:colcon.colcon_core.shell:Creating package descriptor '/home/jorda/ROS2Humble-Training/ros2_ws/src/install/xbox_controller/share/xbox_controller/package.dsv'
[3.269s] INFO:colcon.colcon_core.shell:Creating package script '/home/jorda/ROS2Humble-Training/ros2_ws/src/install/xbox_controller/share/xbox_controller/package.sh'
[3.271s] INFO:colcon.colcon_core.shell:Creating package script '/home/jorda/ROS2Humble-Training/ros2_ws/src/install/xbox_controller/share/xbox_controller/package.bash'
[3.272s] INFO:colcon.colcon_core.shell:Creating package script '/home/jorda/ROS2Humble-Training/ros2_ws/src/install/xbox_controller/share/xbox_controller/package.zsh'
[3.274s] Level 1:colcon.colcon_core.environment:create_file_with_runtime_dependencies(/home/jorda/ROS2Humble-Training/ros2_ws/src/install/xbox_controller/share/colcon-core/packages/xbox_controller)
[3.274s] DEBUG:colcon.colcon_parallel_executor.executor.parallel:closing loop
[3.275s] DEBUG:colcon.colcon_parallel_executor.executor.parallel:loop closed
[3.275s] DEBUG:colcon.colcon_parallel_executor.executor.parallel:run_until_complete finished with '0'
[3.276s] DEBUG:colcon.colcon_core.event_reactor:joining thread
[3.284s] INFO:colcon.colcon_core.plugin_system:Skipping extension 'colcon_notification.desktop_notification.terminal_notifier': Not used on non-Darwin systems
[3.285s] INFO:colcon.colcon_core.plugin_system:Skipping extension 'colcon_notification.desktop_notification.win32': Not used on non-Windows systems
[3.285s] INFO:colcon.colcon_notification.desktop_notification:Sending desktop notification using 'notify2'
[3.307s] DEBUG:colcon.colcon_core.event_reactor:joined thread
[3.307s] INFO:colcon.colcon_core.shell:Creating prefix script '/home/jorda/ROS2Humble-Training/ros2_ws/src/install/local_setup.ps1'
[3.309s] INFO:colcon.colcon_core.shell:Creating prefix util module '/home/jorda/ROS2Humble-Training/ros2_ws/src/install/_local_setup_util_ps1.py'
[3.312s] INFO:colcon.colcon_core.shell:Creating prefix chain script '/home/jorda/ROS2Humble-Training/ros2_ws/src/install/setup.ps1'
[3.315s] INFO:colcon.colcon_core.shell:Creating prefix script '/home/jorda/ROS2Humble-Training/ros2_ws/src/install/local_setup.sh'
[3.316s] INFO:colcon.colcon_core.shell:Creating prefix util module '/home/jorda/ROS2Humble-Training/ros2_ws/src/install/_local_setup_util_sh.py'
[3.317s] INFO:colcon.colcon_core.shell:Creating prefix chain script '/home/jorda/ROS2Humble-Training/ros2_ws/src/install/setup.sh'
[3.319s] INFO:colcon.colcon_core.shell:Creating prefix script '/home/jorda/ROS2Humble-Training/ros2_ws/src/install/local_setup.bash'
[3.320s] INFO:colcon.colcon_core.shell:Creating prefix chain script '/home/jorda/ROS2Humble-Training/ros2_ws/src/install/setup.bash'
[3.322s] INFO:colcon.colcon_core.shell:Creating prefix script '/home/jorda/ROS2Humble-Training/ros2_ws/src/install/local_setup.zsh'
[3.323s] INFO:colcon.colcon_core.shell:Creating prefix chain script '/home/jorda/ROS2Humble-Training/ros2_ws/src/install/setup.zsh'
