/home/rav3z/ROS2Humble-Training/ros2_ws/install/xbox_controller/lib/python3.10/site-packages/xbox_controller/xbox_reader.py
/home/rav3z/ROS2Humble-Training/ros2_ws/install/xbox_controller/lib/python3.10/site-packages/xbox_controller/joy.py
/home/rav3z/ROS2Humble-Training/ros2_ws/install/xbox_controller/lib/python3.10/site-packages/xbox_controller/xbox_logger.py
/home/rav3z/ROS2Humble-Training/ros2_ws/install/xbox_controller/lib/python3.10/site-packages/xbox_controller/__init__.py
/home/rav3z/ROS2Humble-Training/ros2_ws/install/xbox_controller/lib/python3.10/site-packages/xbox_controller/__pycache__/xbox_reader.cpython-310.pyc
/home/rav3z/ROS2Humble-Training/ros2_ws/install/xbox_controller/lib/python3.10/site-packages/xbox_controller/__pycache__/joy.cpython-310.pyc
/home/rav3z/ROS2Humble-Training/ros2_ws/install/xbox_controller/lib/python3.10/site-packages/xbox_controller/__pycache__/xbox_logger.cpython-310.pyc
/home/rav3z/ROS2Humble-Training/ros2_ws/install/xbox_controller/lib/python3.10/site-packages/xbox_controller/__pycache__/__init__.cpython-310.pyc
/home/rav3z/ROS2Humble-Training/ros2_ws/install/xbox_controller/share/ament_index/resource_index/packages/xbox_controller
/home/rav3z/ROS2Humble-Training/ros2_ws/install/xbox_controller/share/xbox_controller/package.xml
/home/rav3z/ROS2Humble-Training/ros2_ws/install/xbox_controller/share/xbox_controller/launch/xbox_controller.launch.py
/home/rav3z/ROS2Humble-Training/ros2_ws/install/xbox_controller/lib/python3.10/site-packages/xbox_controller-0.0.0-py3.10.egg-info/dependency_links.txt
/home/rav3z/ROS2Humble-Training/ros2_ws/install/xbox_controller/lib/python3.10/site-packages/xbox_controller-0.0.0-py3.10.egg-info/entry_points.txt
/home/rav3z/ROS2Humble-Training/ros2_ws/install/xbox_controller/lib/python3.10/site-packages/xbox_controller-0.0.0-py3.10.egg-info/top_level.txt
/home/rav3z/ROS2Humble-Training/ros2_ws/install/xbox_controller/lib/python3.10/site-packages/xbox_controller-0.0.0-py3.10.egg-info/requires.txt
/home/rav3z/ROS2Humble-Training/ros2_ws/install/xbox_controller/lib/python3.10/site-packages/xbox_controller-0.0.0-py3.10.egg-info/SOURCES.txt
/home/rav3z/ROS2Humble-Training/ros2_ws/install/xbox_controller/lib/python3.10/site-packages/xbox_controller-0.0.0-py3.10.egg-info/PKG-INFO
/home/rav3z/ROS2Humble-Training/ros2_ws/install/xbox_controller/lib/python3.10/site-packages/xbox_controller-0.0.0-py3.10.egg-info/zip-safe
/home/rav3z/ROS2Humble-Training/ros2_ws/install/xbox_controller/lib/xbox_controller/joy
/home/rav3z/ROS2Humble-Training/ros2_ws/install/xbox_controller/lib/xbox_controller/xbox_logger
/home/rav3z/ROS2Humble-Training/ros2_ws/install/xbox_controller/lib/xbox_controller/xbox_reader
