running develop
running egg_info
creating xbox_controller.egg-info
writing xbox_controller.egg-info/PKG-INFO
writing dependency_links to xbox_controller.egg-info/dependency_links.txt
writing entry points to xbox_controller.egg-info/entry_points.txt
writing requirements to xbox_controller.egg-info/requires.txt
writing top-level names to xbox_controller.egg-info/top_level.txt
writing manifest file 'xbox_controller.egg-info/SOURCES.txt'
reading manifest file 'xbox_controller.egg-info/SOURCES.txt'
writing manifest file 'xbox_controller.egg-info/SOURCES.txt'
running build_ext
Creating /home/jorda/ROS2Humble-Training/ros2_ws/install/xbox_controller/lib/python3.10/site-packages/xbox-controller.egg-link (link to .)
Installing joynode_subscriber script to /home/jorda/ROS2Humble-Training/ros2_ws/install/xbox_controller/lib/xbox_controller

Installed /home/jorda/ROS2Humble-Training/ros2_ws/build/xbox_controller
running symlink_data
creating /home/jorda/ROS2Humble-Training/ros2_ws/install/xbox_controller/share/ament_index
creating /home/jorda/ROS2Humble-Training/ros2_ws/install/xbox_controller/share/ament_index/resource_index
creating /home/jorda/ROS2Humble-Training/ros2_ws/install/xbox_controller/share/ament_index/resource_index/packages
symbolically linking /home/jorda/ROS2Humble-Training/ros2_ws/build/xbox_controller/resource/xbox_controller -> /home/jorda/ROS2Humble-Training/ros2_ws/install/xbox_controller/share/ament_index/resource_index/packages
symbolically linking /home/jorda/ROS2Humble-Training/ros2_ws/build/xbox_controller/package.xml -> /home/jorda/ROS2Humble-Training/ros2_ws/install/xbox_controller/share/xbox_controller
