[1.333s] Invoking command in '/home/jorda/ROS2Humble-Training/ros2_ws/build/xbox_controller': PYTHONPATH=/home/jorda/ROS2Humble-Training/ros2_ws/build/xbox_controller/prefix_override:/home/jorda/.local/lib/python3.10/site-packages/colcon_core/task/python/colcon_distutils_commands:/home/jorda/ROS2Humble-Training/ros2_ws/install/xbox_controller/lib/python3.10/site-packages:${PYTHONPATH} /usr/bin/python3 -W ignore:setup.py install is deprecated -W ignore:easy_install command is deprecated setup.py develop --editable --build-directory /home/jorda/ROS2Humble-Training/ros2_ws/build/xbox_controller/build --no-deps symlink_data
[1.920s] running develop
[2.310s] running egg_info
[2.310s] creating xbox_controller.egg-info
[2.311s] writing xbox_controller.egg-info/PKG-INFO
[2.311s] writing dependency_links to xbox_controller.egg-info/dependency_links.txt
[2.311s] writing entry points to xbox_controller.egg-info/entry_points.txt
[2.312s] writing requirements to xbox_controller.egg-info/requires.txt
[2.312s] writing top-level names to xbox_controller.egg-info/top_level.txt
[2.312s] writing manifest file 'xbox_controller.egg-info/SOURCES.txt'
[2.316s] reading manifest file 'xbox_controller.egg-info/SOURCES.txt'
[2.317s] writing manifest file 'xbox_controller.egg-info/SOURCES.txt'
[2.320s] running build_ext
[2.320s] Creating /home/jorda/ROS2Humble-Training/ros2_ws/install/xbox_controller/lib/python3.10/site-packages/xbox-controller.egg-link (link to .)
[2.322s] Installing joynode_subscriber script to /home/jorda/ROS2Humble-Training/ros2_ws/install/xbox_controller/lib/xbox_controller
[2.322s] 
[2.323s] Installed /home/jorda/ROS2Humble-Training/ros2_ws/build/xbox_controller
[2.323s] running symlink_data
[2.323s] creating /home/jorda/ROS2Humble-Training/ros2_ws/install/xbox_controller/share/ament_index
[2.323s] creating /home/jorda/ROS2Humble-Training/ros2_ws/install/xbox_controller/share/ament_index/resource_index
[2.323s] creating /home/jorda/ROS2Humble-Training/ros2_ws/install/xbox_controller/share/ament_index/resource_index/packages
[2.323s] symbolically linking /home/jorda/ROS2Humble-Training/ros2_ws/build/xbox_controller/resource/xbox_controller -> /home/jorda/ROS2Humble-Training/ros2_ws/install/xbox_controller/share/ament_index/resource_index/packages
[2.324s] symbolically linking /home/jorda/ROS2Humble-Training/ros2_ws/build/xbox_controller/package.xml -> /home/jorda/ROS2Humble-Training/ros2_ws/install/xbox_controller/share/xbox_controller
[2.375s] Invoked command in '/home/jorda/ROS2Humble-Training/ros2_ws/build/xbox_controller' returned '0': PYTHONPATH=/home/jorda/ROS2Humble-Training/ros2_ws/build/xbox_controller/prefix_override:/home/jorda/.local/lib/python3.10/site-packages/colcon_core/task/python/colcon_distutils_commands:/home/jorda/ROS2Humble-Training/ros2_ws/install/xbox_controller/lib/python3.10/site-packages:${PYTHONPATH} /usr/bin/python3 -W ignore:setup.py install is deprecated -W ignore:easy_install command is deprecated setup.py develop --editable --build-directory /home/jorda/ROS2Humble-Training/ros2_ws/build/xbox_controller/build --no-deps symlink_data
