[0.316s] DEBUG:colcon:Command line arguments: ['/home/jorda/.local/bin/colcon', 'build', '--symlink-install']
[0.316s] DEBUG:colcon:Parsed command line arguments: Namespace(log_base=None, log_level=None, verb_name='build', build_base='build', install_base='install', merge_install=False, symlink_install=True, test_result_base=None, continue_on_error=False, executor='parallel', parallel_workers=12, event_handlers=None, ignore_user_meta=False, metas=['./colcon.meta'], base_paths=['.'], packages_ignore=None, packages_ignore_regex=None, paths=None, packages_up_to=None, packages_up_to_regex=None, packages_above=None, packages_above_and_dependencies=None, packages_above_depth=None, packages_select_by_dep=None, packages_skip_by_dep=None, packages_skip_up_to=None, packages_select_build_failed=False, packages_skip_build_finished=False, packages_select_test_failures=False, packages_skip_test_passed=False, packages_select=None, packages_skip=None, packages_select_regex=None, packages_skip_regex=None, packages_start=None, packages_end=None, allow_overriding=[], cmake_args=None, cmake_target=None, cmake_target_skip_unavailable=False, cmake_clean_cache=False, cmake_clean_first=False, cmake_force_configure=False, ament_cmake_args=None, catkin_cmake_args=None, catkin_skip_building_tests=False, mixin_files=None, mixin=None, verb_parser=<colcon_mixin.mixin.mixin_argument.MixinArgumentDecorator object at 0x7406b1950f10>, verb_extension=<colcon_core.verb.build.BuildVerb object at 0x7406b1950490>, main=<bound method BuildVerb.main of <colcon_core.verb.build.BuildVerb object at 0x7406b1950490>>, mixin_verb=('build',))
[0.670s] Level 1:colcon.colcon_core.package_discovery:discover_packages(colcon_meta) check parameters
[0.671s] Level 1:colcon.colcon_core.package_discovery:discover_packages(recursive) check parameters
[0.671s] Level 1:colcon.colcon_core.package_discovery:discover_packages(ignore) check parameters
[0.671s] Level 1:colcon.colcon_core.package_discovery:discover_packages(path) check parameters
[0.671s] Level 1:colcon.colcon_core.package_discovery:discover_packages(colcon_meta) discover
[0.671s] Level 1:colcon.colcon_core.package_discovery:discover_packages(recursive) discover
[0.671s] INFO:colcon.colcon_core.package_discovery:Crawling recursively for packages in '/home/jorda/ROS2Humble-Training/ros2_ws/src'
[0.671s] Level 1:colcon.colcon_core.package_identification:_identify(.) by extensions ['ignore', 'ignore_ament_install']
[0.672s] Level 1:colcon.colcon_core.package_identification:_identify(.) by extension 'ignore'
[0.672s] Level 1:colcon.colcon_core.package_identification:_identify(.) by extension 'ignore_ament_install'
[0.672s] Level 1:colcon.colcon_core.package_identification:_identify(.) by extensions ['colcon_pkg']
[0.672s] Level 1:colcon.colcon_core.package_identification:_identify(.) by extension 'colcon_pkg'
[0.672s] Level 1:colcon.colcon_core.package_identification:_identify(.) by extensions ['colcon_meta']
[0.672s] Level 1:colcon.colcon_core.package_identification:_identify(.) by extension 'colcon_meta'
[0.672s] Level 1:colcon.colcon_core.package_identification:_identify(.) by extensions ['ros']
[0.672s] Level 1:colcon.colcon_core.package_identification:_identify(.) by extension 'ros'
[0.698s] Level 1:colcon.colcon_core.package_identification:_identify(.) by extensions ['cmake', 'python']
[0.698s] Level 1:colcon.colcon_core.package_identification:_identify(.) by extension 'cmake'
[0.698s] Level 1:colcon.colcon_core.package_identification:_identify(.) by extension 'python'
[0.698s] Level 1:colcon.colcon_core.package_identification:_identify(.) by extensions ['python_setup_py']
[0.698s] Level 1:colcon.colcon_core.package_identification:_identify(.) by extension 'python_setup_py'
[0.699s] Level 1:colcon.colcon_core.package_identification:_identify(build) by extensions ['ignore', 'ignore_ament_install']
[0.699s] Level 1:colcon.colcon_core.package_identification:_identify(build) by extension 'ignore'
[0.699s] Level 1:colcon.colcon_core.package_identification:_identify(build) ignored
[0.699s] Level 1:colcon.colcon_core.package_identification:_identify(install) by extensions ['ignore', 'ignore_ament_install']
[0.699s] Level 1:colcon.colcon_core.package_identification:_identify(install) by extension 'ignore'
[0.699s] Level 1:colcon.colcon_core.package_identification:_identify(install) ignored
[0.700s] Level 1:colcon.colcon_core.package_identification:_identify(log) by extensions ['ignore', 'ignore_ament_install']
[0.700s] Level 1:colcon.colcon_core.package_identification:_identify(log) by extension 'ignore'
[0.700s] Level 1:colcon.colcon_core.package_identification:_identify(log) ignored
[0.700s] Level 1:colcon.colcon_core.package_identification:_identify(xbox_controller) by extensions ['ignore', 'ignore_ament_install']
[0.700s] Level 1:colcon.colcon_core.package_identification:_identify(xbox_controller) by extension 'ignore'
[0.701s] Level 1:colcon.colcon_core.package_identification:_identify(xbox_controller) by extension 'ignore_ament_install'
[0.701s] Level 1:colcon.colcon_core.package_identification:_identify(xbox_controller) by extensions ['colcon_pkg']
[0.701s] Level 1:colcon.colcon_core.package_identification:_identify(xbox_controller) by extension 'colcon_pkg'
[0.701s] Level 1:colcon.colcon_core.package_identification:_identify(xbox_controller) by extensions ['colcon_meta']
[0.701s] Level 1:colcon.colcon_core.package_identification:_identify(xbox_controller) by extension 'colcon_meta'
[0.701s] Level 1:colcon.colcon_core.package_identification:_identify(xbox_controller) by extensions ['ros']
[0.701s] Level 1:colcon.colcon_core.package_identification:_identify(xbox_controller) by extension 'ros'
[0.705s] DEBUG:colcon.colcon_core.package_identification:Found ROS schema reference in package manifest in 'xbox_controller'
[0.705s] WARNING:colcon.colcon_core.package_identification:Failed to parse ROS package manifest in 'xbox_controller': Error(s) in package 'xbox_controller/package.xml':
Error(s):
- The manifest of package "xbox_controller" (with format version 3) must not contain the following tags: exec_dpend
[0.705s] Level 1:colcon.colcon_core.package_identification:_identify(xbox_controller) by extensions ['cmake', 'python']
[0.706s] Level 1:colcon.colcon_core.package_identification:_identify(xbox_controller) by extension 'cmake'
[0.706s] Level 1:colcon.colcon_core.package_identification:_identify(xbox_controller) by extension 'python'
[0.706s] DEBUG:colcon.colcon_core.package_identification:Python package in 'xbox_controller' passes arguments to the setup() function which requires a different identification extension than 'python'
[0.706s] Level 1:colcon.colcon_core.package_identification:_identify(xbox_controller) by extensions ['python_setup_py']
[0.706s] Level 1:colcon.colcon_core.package_identification:_identify(xbox_controller) by extension 'python_setup_py'
[1.271s] DEBUG:colcon.colcon_core.package_identification:Package 'xbox_controller' with type 'python' and name 'xbox_controller'
[1.271s] Level 1:colcon.colcon_core.package_discovery:discover_packages(recursive) using defaults
[1.271s] Level 1:colcon.colcon_core.package_discovery:discover_packages(ignore) discover
[1.271s] Level 1:colcon.colcon_core.package_discovery:discover_packages(ignore) using defaults
[1.271s] Level 1:colcon.colcon_core.package_discovery:discover_packages(path) discover
[1.271s] Level 1:colcon.colcon_core.package_discovery:discover_packages(path) using defaults
[1.315s] Level 1:colcon.colcon_core.package_discovery:discover_packages(prefix_path) check parameters
[1.315s] Level 1:colcon.colcon_core.package_discovery:discover_packages(prefix_path) discover
[1.317s] WARNING:colcon.colcon_ros.prefix_path.ament:The path '/home/jorda/ROS2Humble-Training/ros2_ws/src/install/py_joy' in the environment variable AMENT_PREFIX_PATH doesn't exist
[1.318s] DEBUG:colcon.colcon_installed_package_information.package_discovery:Found 1 installed packages in /home/jorda/ROS2Humble-Training/ros2_ws/src/install
[1.321s] DEBUG:colcon.colcon_installed_package_information.package_discovery:Found 276 installed packages in /opt/ros/humble
[1.326s] Level 1:colcon.colcon_core.package_discovery:discover_packages(prefix_path) using defaults
[1.424s] Level 5:colcon.colcon_core.verb:set package 'xbox_controller' build argument 'cmake_args' from command line to 'None'
[1.424s] Level 5:colcon.colcon_core.verb:set package 'xbox_controller' build argument 'cmake_target' from command line to 'None'
[1.424s] Level 5:colcon.colcon_core.verb:set package 'xbox_controller' build argument 'cmake_target_skip_unavailable' from command line to 'False'
[1.425s] Level 5:colcon.colcon_core.verb:set package 'xbox_controller' build argument 'cmake_clean_cache' from command line to 'False'
[1.425s] Level 5:colcon.colcon_core.verb:set package 'xbox_controller' build argument 'cmake_clean_first' from command line to 'False'
[1.425s] Level 5:colcon.colcon_core.verb:set package 'xbox_controller' build argument 'cmake_force_configure' from command line to 'False'
[1.425s] Level 5:colcon.colcon_core.verb:set package 'xbox_controller' build argument 'ament_cmake_args' from command line to 'None'
[1.425s] Level 5:colcon.colcon_core.verb:set package 'xbox_controller' build argument 'catkin_cmake_args' from command line to 'None'
[1.425s] Level 5:colcon.colcon_core.verb:set package 'xbox_controller' build argument 'catkin_skip_building_tests' from command line to 'False'
[1.425s] DEBUG:colcon.colcon_core.verb:Building package 'xbox_controller' with the following arguments: {'ament_cmake_args': None, 'build_base': '/home/jorda/ROS2Humble-Training/ros2_ws/src/build/xbox_controller', 'catkin_cmake_args': None, 'catkin_skip_building_tests': False, 'cmake_args': None, 'cmake_clean_cache': False, 'cmake_clean_first': False, 'cmake_force_configure': False, 'cmake_target': None, 'cmake_target_skip_unavailable': False, 'install_base': '/home/jorda/ROS2Humble-Training/ros2_ws/src/install/xbox_controller', 'merge_install': False, 'path': '/home/jorda/ROS2Humble-Training/ros2_ws/src/xbox_controller', 'symlink_install': True, 'test_result_base': None}
[1.425s] INFO:colcon.colcon_core.executor:Executing jobs using 'parallel' executor
[1.427s] DEBUG:colcon.colcon_parallel_executor.executor.parallel:run_until_complete
[1.427s] INFO:colcon.colcon_core.task.python.build:Building Python package in '/home/jorda/ROS2Humble-Training/ros2_ws/src/xbox_controller'
[1.432s] INFO:colcon.colcon_core.plugin_system:Skipping extension 'colcon_core.shell.bat': Not used on non-Windows systems
[1.432s] INFO:colcon.colcon_core.shell:Skip shell extension 'powershell' for command environment: Not usable outside of PowerShell
[1.432s] DEBUG:colcon.colcon_core.shell:Skip shell extension 'dsv' for command environment
[2.761s] DEBUG:colcon.colcon_core.event_handler.log_command:Invoking command in '/home/jorda/ROS2Humble-Training/ros2_ws/src/build/xbox_controller': PYTHONPATH=/home/jorda/ROS2Humble-Training/ros2_ws/src/build/xbox_controller/prefix_override:/home/jorda/.local/lib/python3.10/site-packages/colcon_core/task/python/colcon_distutils_commands:/home/jorda/ROS2Humble-Training/ros2_ws/src/install/xbox_controller/lib/python3.10/site-packages:${PYTHONPATH} /usr/bin/python3 -W ignore:setup.py install is deprecated -W ignore:easy_install command is deprecated setup.py develop --editable --build-directory /home/jorda/ROS2Humble-Training/ros2_ws/src/build/xbox_controller/build --no-deps symlink_data
[3.709s] Level 1:colcon.colcon_core.shell:create_environment_hook('xbox_controller', 'pythonpath_develop')
[3.710s] DEBUG:colcon.colcon_core.event_handler.log_command:Invoked command in '/home/jorda/ROS2Humble-Training/ros2_ws/src/build/xbox_controller' returned '0': PYTHONPATH=/home/jorda/ROS2Humble-Training/ros2_ws/src/build/xbox_controller/prefix_override:/home/jorda/.local/lib/python3.10/site-packages/colcon_core/task/python/colcon_distutils_commands:/home/jorda/ROS2Humble-Training/ros2_ws/src/install/xbox_controller/lib/python3.10/site-packages:${PYTHONPATH} /usr/bin/python3 -W ignore:setup.py install is deprecated -W ignore:easy_install command is deprecated setup.py develop --editable --build-directory /home/jorda/ROS2Humble-Training/ros2_ws/src/build/xbox_controller/build --no-deps symlink_data
[3.710s] INFO:colcon.colcon_core.shell:Creating environment hook '/home/jorda/ROS2Humble-Training/ros2_ws/src/build/xbox_controller/share/xbox_controller/hook/pythonpath_develop.ps1'
[3.712s] INFO:colcon.colcon_core.shell:Creating environment descriptor '/home/jorda/ROS2Humble-Training/ros2_ws/src/build/xbox_controller/share/xbox_controller/hook/pythonpath_develop.dsv'
[3.713s] INFO:colcon.colcon_core.shell:Creating environment hook '/home/jorda/ROS2Humble-Training/ros2_ws/src/build/xbox_controller/share/xbox_controller/hook/pythonpath_develop.sh'
[3.718s] Level 1:colcon.colcon_core.environment:checking '/home/jorda/ROS2Humble-Training/ros2_ws/src/install/xbox_controller' for CMake module files
[3.719s] Level 1:colcon.colcon_core.environment:checking '/home/jorda/ROS2Humble-Training/ros2_ws/src/install/xbox_controller' for CMake config files
[3.720s] Level 1:colcon.colcon_core.environment:checking '/home/jorda/ROS2Humble-Training/ros2_ws/src/install/xbox_controller/lib'
[3.720s] Level 1:colcon.colcon_core.environment:checking '/home/jorda/ROS2Humble-Training/ros2_ws/src/install/xbox_controller/bin'
[3.720s] Level 1:colcon.colcon_core.environment:checking '/home/jorda/ROS2Humble-Training/ros2_ws/src/install/xbox_controller/lib/pkgconfig/xbox_controller.pc'
[3.720s] Level 1:colcon.colcon_core.environment:checking '/home/jorda/ROS2Humble-Training/ros2_ws/src/install/xbox_controller/lib/python3.10/site-packages'
[3.720s] Level 1:colcon.colcon_core.shell:create_environment_hook('xbox_controller', 'pythonpath')
[3.721s] INFO:colcon.colcon_core.shell:Creating environment hook '/home/jorda/ROS2Humble-Training/ros2_ws/src/install/xbox_controller/share/xbox_controller/hook/pythonpath.ps1'
[3.721s] INFO:colcon.colcon_core.shell:Creating environment descriptor '/home/jorda/ROS2Humble-Training/ros2_ws/src/install/xbox_controller/share/xbox_controller/hook/pythonpath.dsv'
[3.722s] INFO:colcon.colcon_core.shell:Creating environment hook '/home/jorda/ROS2Humble-Training/ros2_ws/src/install/xbox_controller/share/xbox_controller/hook/pythonpath.sh'
[3.723s] Level 1:colcon.colcon_core.environment:checking '/home/jorda/ROS2Humble-Training/ros2_ws/src/install/xbox_controller/bin'
[3.723s] Level 1:colcon.colcon_core.environment:create_environment_scripts_only(xbox_controller)
[3.723s] INFO:colcon.colcon_core.shell:Creating package script '/home/jorda/ROS2Humble-Training/ros2_ws/src/install/xbox_controller/share/xbox_controller/package.ps1'
[3.724s] INFO:colcon.colcon_core.shell:Creating package descriptor '/home/jorda/ROS2Humble-Training/ros2_ws/src/install/xbox_controller/share/xbox_controller/package.dsv'
[3.725s] INFO:colcon.colcon_core.shell:Creating package script '/home/jorda/ROS2Humble-Training/ros2_ws/src/install/xbox_controller/share/xbox_controller/package.sh'
[3.726s] INFO:colcon.colcon_core.shell:Creating package script '/home/jorda/ROS2Humble-Training/ros2_ws/src/install/xbox_controller/share/xbox_controller/package.bash'
[3.727s] INFO:colcon.colcon_core.shell:Creating package script '/home/jorda/ROS2Humble-Training/ros2_ws/src/install/xbox_controller/share/xbox_controller/package.zsh'
[3.728s] Level 1:colcon.colcon_core.environment:create_file_with_runtime_dependencies(/home/jorda/ROS2Humble-Training/ros2_ws/src/install/xbox_controller/share/colcon-core/packages/xbox_controller)
[3.728s] DEBUG:colcon.colcon_parallel_executor.executor.parallel:closing loop
[3.728s] DEBUG:colcon.colcon_parallel_executor.executor.parallel:loop closed
[3.728s] DEBUG:colcon.colcon_parallel_executor.executor.parallel:run_until_complete finished with '0'
[3.729s] DEBUG:colcon.colcon_core.event_reactor:joining thread
[3.736s] INFO:colcon.colcon_core.plugin_system:Skipping extension 'colcon_notification.desktop_notification.terminal_notifier': Not used on non-Darwin systems
[3.736s] INFO:colcon.colcon_core.plugin_system:Skipping extension 'colcon_notification.desktop_notification.win32': Not used on non-Windows systems
[3.736s] INFO:colcon.colcon_notification.desktop_notification:Sending desktop notification using 'notify2'
[3.753s] DEBUG:colcon.colcon_core.event_reactor:joined thread
[3.754s] INFO:colcon.colcon_core.shell:Creating prefix script '/home/jorda/ROS2Humble-Training/ros2_ws/src/install/local_setup.ps1'
[3.756s] INFO:colcon.colcon_core.shell:Creating prefix util module '/home/jorda/ROS2Humble-Training/ros2_ws/src/install/_local_setup_util_ps1.py'
[3.757s] INFO:colcon.colcon_core.shell:Creating prefix chain script '/home/jorda/ROS2Humble-Training/ros2_ws/src/install/setup.ps1'
[3.759s] INFO:colcon.colcon_core.shell:Creating prefix script '/home/jorda/ROS2Humble-Training/ros2_ws/src/install/local_setup.sh'
[3.759s] INFO:colcon.colcon_core.shell:Creating prefix util module '/home/jorda/ROS2Humble-Training/ros2_ws/src/install/_local_setup_util_sh.py'
[3.760s] INFO:colcon.colcon_core.shell:Creating prefix chain script '/home/jorda/ROS2Humble-Training/ros2_ws/src/install/setup.sh'
[3.762s] INFO:colcon.colcon_core.shell:Creating prefix script '/home/jorda/ROS2Humble-Training/ros2_ws/src/install/local_setup.bash'
[3.762s] INFO:colcon.colcon_core.shell:Creating prefix chain script '/home/jorda/ROS2Humble-Training/ros2_ws/src/install/setup.bash'
[3.764s] INFO:colcon.colcon_core.shell:Creating prefix script '/home/jorda/ROS2Humble-Training/ros2_ws/src/install/local_setup.zsh'
[3.764s] INFO:colcon.colcon_core.shell:Creating prefix chain script '/home/jorda/ROS2Humble-Training/ros2_ws/src/install/setup.zsh'
