[0.987s] Invoking command in '/home/rav3z/ROS2Humble-Training/ros2_ws/src/xbox_controller': PYTHONPATH=/home/rav3z/ROS2Humble-Training/ros2_ws/build/xbox_controller/prefix_override:/usr/lib/python3/dist-packages/colcon_core/task/python/colcon_distutils_commands:/home/rav3z/ROS2Humble-Training/ros2_ws/install/xbox_controller/lib/python3.10/site-packages:${PYTHONPATH} /usr/bin/python3 -W ignore:setup.py install is deprecated -W ignore:easy_install command is deprecated setup.py egg_info --egg-base ../../build/xbox_controller build --build-base /home/rav3z/ROS2Humble-Training/ros2_ws/build/xbox_controller/build install --record /home/rav3z/ROS2Humble-Training/ros2_ws/build/xbox_controller/install.log --single-version-externally-managed install_data
[1.223s] running egg_info
[1.223s] writing ../../build/xbox_controller/xbox_controller.egg-info/PKG-INFO
[1.225s] writing dependency_links to ../../build/xbox_controller/xbox_controller.egg-info/dependency_links.txt
[1.225s] writing entry points to ../../build/xbox_controller/xbox_controller.egg-info/entry_points.txt
[1.225s] writing requirements to ../../build/xbox_controller/xbox_controller.egg-info/requires.txt
[1.225s] writing top-level names to ../../build/xbox_controller/xbox_controller.egg-info/top_level.txt
[1.228s] reading manifest file '../../build/xbox_controller/xbox_controller.egg-info/SOURCES.txt'
[1.231s] adding license file 'LICENSE'
[1.232s] writing manifest file '../../build/xbox_controller/xbox_controller.egg-info/SOURCES.txt'
[1.232s] running build
[1.233s] running build_py
[1.233s] copying xbox_controller/joy.py -> /home/rav3z/ROS2Humble-Training/ros2_ws/build/xbox_controller/build/lib/xbox_controller
[1.234s] copying xbox_controller/xbox_logger.py -> /home/rav3z/ROS2Humble-Training/ros2_ws/build/xbox_controller/build/lib/xbox_controller
[1.234s] running install
[1.234s] running install_lib
[1.236s] copying /home/rav3z/ROS2Humble-Training/ros2_ws/build/xbox_controller/build/lib/xbox_controller/joy.py -> /home/rav3z/ROS2Humble-Training/ros2_ws/install/xbox_controller/lib/python3.10/site-packages/xbox_controller
[1.236s] copying /home/rav3z/ROS2Humble-Training/ros2_ws/build/xbox_controller/build/lib/xbox_controller/xbox_logger.py -> /home/rav3z/ROS2Humble-Training/ros2_ws/install/xbox_controller/lib/python3.10/site-packages/xbox_controller
[1.237s] byte-compiling /home/rav3z/ROS2Humble-Training/ros2_ws/install/xbox_controller/lib/python3.10/site-packages/xbox_controller/joy.py to joy.cpython-310.pyc
[1.238s] byte-compiling /home/rav3z/ROS2Humble-Training/ros2_ws/install/xbox_controller/lib/python3.10/site-packages/xbox_controller/xbox_logger.py to xbox_logger.cpython-310.pyc
[1.239s] running install_data
[1.239s] copying package.xml -> /home/rav3z/ROS2Humble-Training/ros2_ws/install/xbox_controller/share/xbox_controller
[1.242s] running install_egg_info
[1.244s] removing '/home/rav3z/ROS2Humble-Training/ros2_ws/install/xbox_controller/lib/python3.10/site-packages/xbox_controller-0.0.0-py3.10.egg-info' (and everything under it)
[1.245s] Copying ../../build/xbox_controller/xbox_controller.egg-info to /home/rav3z/ROS2Humble-Training/ros2_ws/install/xbox_controller/lib/python3.10/site-packages/xbox_controller-0.0.0-py3.10.egg-info
[1.247s] running install_scripts
[1.266s] Installing joy script to /home/rav3z/ROS2Humble-Training/ros2_ws/install/xbox_controller/lib/xbox_controller
[1.266s] Installing xbox_reader script to /home/rav3z/ROS2Humble-Training/ros2_ws/install/xbox_controller/lib/xbox_controller
[1.267s] writing list of installed files to '/home/rav3z/ROS2Humble-Training/ros2_ws/build/xbox_controller/install.log'
[1.288s] Invoked command in '/home/rav3z/ROS2Humble-Training/ros2_ws/src/xbox_controller' returned '0': PYTHONPATH=/home/rav3z/ROS2Humble-Training/ros2_ws/build/xbox_controller/prefix_override:/usr/lib/python3/dist-packages/colcon_core/task/python/colcon_distutils_commands:/home/rav3z/ROS2Humble-Training/ros2_ws/install/xbox_controller/lib/python3.10/site-packages:${PYTHONPATH} /usr/bin/python3 -W ignore:setup.py install is deprecated -W ignore:easy_install command is deprecated setup.py egg_info --egg-base ../../build/xbox_controller build --build-base /home/rav3z/ROS2Humble-Training/ros2_ws/build/xbox_controller/build install --record /home/rav3z/ROS2Humble-Training/ros2_ws/build/xbox_controller/install.log --single-version-externally-managed install_data
