running egg_info
creating ../build/py_joy/py_joy.egg-info
writing ../build/py_joy/py_joy.egg-info/PKG-INFO
writing dependency_links to ../build/py_joy/py_joy.egg-info/dependency_links.txt
writing entry points to ../build/py_joy/py_joy.egg-info/entry_points.txt
writing requirements to ../build/py_joy/py_joy.egg-info/requires.txt
writing top-level names to ../build/py_joy/py_joy.egg-info/top_level.txt
writing manifest file '../build/py_joy/py_joy.egg-info/SOURCES.txt'
reading manifest file '../build/py_joy/py_joy.egg-info/SOURCES.txt'
adding license file 'LICENSE'
writing manifest file '../build/py_joy/py_joy.egg-info/SOURCES.txt'
running build
running build_py
creating /home/vboxuser/ROS2Humble-Training/build/py_joy/build
creating /home/vboxuser/ROS2Humble-Training/build/py_joy/build/lib
creating /home/vboxuser/ROS2Humble-Training/build/py_joy/build/lib/py_joy
copying py_joy/__init__.py -> /home/vboxuser/ROS2Humble-Training/build/py_joy/build/lib/py_joy
running install
running install_lib
creating /home/vboxuser/ROS2Humble-Training/install/py_joy/lib/python3.10/site-packages/py_joy
copying /home/vboxuser/ROS2Humble-Training/build/py_joy/build/lib/py_joy/__init__.py -> /home/vboxuser/ROS2Humble-Training/install/py_joy/lib/python3.10/site-packages/py_joy
byte-compiling /home/vboxuser/ROS2Humble-Training/install/py_joy/lib/python3.10/site-packages/py_joy/__init__.py to __init__.cpython-310.pyc
running install_data
creating /home/vboxuser/ROS2Humble-Training/install/py_joy/share/ament_index
creating /home/vboxuser/ROS2Humble-Training/install/py_joy/share/ament_index/resource_index
creating /home/vboxuser/ROS2Humble-Training/install/py_joy/share/ament_index/resource_index/packages
copying resource/py_joy -> /home/vboxuser/ROS2Humble-Training/install/py_joy/share/ament_index/resource_index/packages
copying package.xml -> /home/vboxuser/ROS2Humble-Training/install/py_joy/share/py_joy
running install_egg_info
Copying ../build/py_joy/py_joy.egg-info to /home/vboxuser/ROS2Humble-Training/install/py_joy/lib/python3.10/site-packages/py_joy-0.0.0-py3.10.egg-info
running install_scripts
writing list of installed files to '/home/vboxuser/ROS2Humble-Training/build/py_joy/install.log'
