[0.960s] Invoking command in '/home/vboxuser/ROS2Humble-Training/py_joy': PYTHONPATH=/home/vboxuser/ROS2Humble-Training/build/py_joy/prefix_override:/usr/lib/python3/dist-packages/colcon_core/task/python/colcon_distutils_commands:/home/vboxuser/ROS2Humble-Training/install/py_joy/lib/python3.10/site-packages:${PYTHONPATH} /usr/bin/python3 -W ignore:setup.py install is deprecated -W ignore:easy_install command is deprecated setup.py egg_info --egg-base ../build/py_joy build --build-base /home/vboxuser/ROS2Humble-Training/build/py_joy/build install --record /home/vboxuser/ROS2Humble-Training/build/py_joy/install.log --single-version-externally-managed install_data
[1.348s] running egg_info
[1.348s] creating ../build/py_joy/py_joy.egg-info
[1.348s] writing ../build/py_joy/py_joy.egg-info/PKG-INFO
[1.348s] writing dependency_links to ../build/py_joy/py_joy.egg-info/dependency_links.txt
[1.348s] writing entry points to ../build/py_joy/py_joy.egg-info/entry_points.txt
[1.348s] writing requirements to ../build/py_joy/py_joy.egg-info/requires.txt
[1.348s] writing top-level names to ../build/py_joy/py_joy.egg-info/top_level.txt
[1.348s] writing manifest file '../build/py_joy/py_joy.egg-info/SOURCES.txt'
[1.350s] reading manifest file '../build/py_joy/py_joy.egg-info/SOURCES.txt'
[1.350s] adding license file 'LICENSE'
[1.352s] writing manifest file '../build/py_joy/py_joy.egg-info/SOURCES.txt'
[1.352s] running build
[1.352s] running build_py
[1.352s] creating /home/vboxuser/ROS2Humble-Training/build/py_joy/build
[1.352s] creating /home/vboxuser/ROS2Humble-Training/build/py_joy/build/lib
[1.352s] creating /home/vboxuser/ROS2Humble-Training/build/py_joy/build/lib/py_joy
[1.352s] copying py_joy/__init__.py -> /home/vboxuser/ROS2Humble-Training/build/py_joy/build/lib/py_joy
[1.352s] running install
[1.354s] running install_lib
[1.354s] creating /home/vboxuser/ROS2Humble-Training/install/py_joy/lib/python3.10/site-packages/py_joy
[1.354s] copying /home/vboxuser/ROS2Humble-Training/build/py_joy/build/lib/py_joy/__init__.py -> /home/vboxuser/ROS2Humble-Training/install/py_joy/lib/python3.10/site-packages/py_joy
[1.356s] byte-compiling /home/vboxuser/ROS2Humble-Training/install/py_joy/lib/python3.10/site-packages/py_joy/__init__.py to __init__.cpython-310.pyc
[1.357s] running install_data
[1.357s] creating /home/vboxuser/ROS2Humble-Training/install/py_joy/share/ament_index
[1.358s] creating /home/vboxuser/ROS2Humble-Training/install/py_joy/share/ament_index/resource_index
[1.358s] creating /home/vboxuser/ROS2Humble-Training/install/py_joy/share/ament_index/resource_index/packages
[1.358s] copying resource/py_joy -> /home/vboxuser/ROS2Humble-Training/install/py_joy/share/ament_index/resource_index/packages
[1.358s] copying package.xml -> /home/vboxuser/ROS2Humble-Training/install/py_joy/share/py_joy
[1.358s] running install_egg_info
[1.363s] Copying ../build/py_joy/py_joy.egg-info to /home/vboxuser/ROS2Humble-Training/install/py_joy/lib/python3.10/site-packages/py_joy-0.0.0-py3.10.egg-info
[1.370s] running install_scripts
[1.430s] writing list of installed files to '/home/vboxuser/ROS2Humble-Training/build/py_joy/install.log'
[1.445s] Invoked command in '/home/vboxuser/ROS2Humble-Training/py_joy' returned '0': PYTHONPATH=/home/vboxuser/ROS2Humble-Training/build/py_joy/prefix_override:/usr/lib/python3/dist-packages/colcon_core/task/python/colcon_distutils_commands:/home/vboxuser/ROS2Humble-Training/install/py_joy/lib/python3.10/site-packages:${PYTHONPATH} /usr/bin/python3 -W ignore:setup.py install is deprecated -W ignore:easy_install command is deprecated setup.py egg_info --egg-base ../build/py_joy build --build-base /home/vboxuser/ROS2Humble-Training/build/py_joy/build install --record /home/vboxuser/ROS2Humble-Training/build/py_joy/install.log --single-version-externally-managed install_data
