running egg_info
creating ../../build/xbox_controller/xbox_controller.egg-info
writing ../../build/xbox_controller/xbox_controller.egg-info/PKG-INFO
writing dependency_links to ../../build/xbox_controller/xbox_controller.egg-info/dependency_links.txt
writing entry points to ../../build/xbox_controller/xbox_controller.egg-info/entry_points.txt
writing requirements to ../../build/xbox_controller/xbox_controller.egg-info/requires.txt
writing top-level names to ../../build/xbox_controller/xbox_controller.egg-info/top_level.txt
writing manifest file '../../build/xbox_controller/xbox_controller.egg-info/SOURCES.txt'
reading manifest file '../../build/xbox_controller/xbox_controller.egg-info/SOURCES.txt'
adding license file 'LICENSE'
writing manifest file '../../build/xbox_controller/xbox_controller.egg-info/SOURCES.txt'
running build
running build_py
creating /home/jadoom/ROS2Humble-Training/ros2_ws/build/xbox_controller/build
creating /home/jadoom/ROS2Humble-Training/ros2_ws/build/xbox_controller/build/lib
creating /home/jadoom/ROS2Humble-Training/ros2_ws/build/xbox_controller/build/lib/xbox_controller
copying xbox_controller/xbox_reader.py -> /home/jadoom/ROS2Humble-Training/ros2_ws/build/xbox_controller/build/lib/xbox_controller
copying xbox_controller/__init__.py -> /home/jadoom/ROS2Humble-Training/ros2_ws/build/xbox_controller/build/lib/xbox_controller
running install
running install_lib
creating /home/jadoom/ROS2Humble-Training/ros2_ws/install/xbox_controller/lib/python3.10/site-packages/xbox_controller
copying /home/jadoom/ROS2Humble-Training/ros2_ws/build/xbox_controller/build/lib/xbox_controller/xbox_reader.py -> /home/jadoom/ROS2Humble-Training/ros2_ws/install/xbox_controller/lib/python3.10/site-packages/xbox_controller
copying /home/jadoom/ROS2Humble-Training/ros2_ws/build/xbox_controller/build/lib/xbox_controller/__init__.py -> /home/jadoom/ROS2Humble-Training/ros2_ws/install/xbox_controller/lib/python3.10/site-packages/xbox_controller
byte-compiling /home/jadoom/ROS2Humble-Training/ros2_ws/install/xbox_controller/lib/python3.10/site-packages/xbox_controller/xbox_reader.py to xbox_reader.cpython-310.pyc
byte-compiling /home/jadoom/ROS2Humble-Training/ros2_ws/install/xbox_controller/lib/python3.10/site-packages/xbox_controller/__init__.py to __init__.cpython-310.pyc
running install_data
creating /home/jadoom/ROS2Humble-Training/ros2_ws/install/xbox_controller/share/ament_index
creating /home/jadoom/ROS2Humble-Training/ros2_ws/install/xbox_controller/share/ament_index/resource_index
creating /home/jadoom/ROS2Humble-Training/ros2_ws/install/xbox_controller/share/ament_index/resource_index/packages
copying resource/xbox_controller -> /home/jadoom/ROS2Humble-Training/ros2_ws/install/xbox_controller/share/ament_index/resource_index/packages
copying package.xml -> /home/jadoom/ROS2Humble-Training/ros2_ws/install/xbox_controller/share/xbox_controller
running install_egg_info
Copying ../../build/xbox_controller/xbox_controller.egg-info to /home/jadoom/ROS2Humble-Training/ros2_ws/install/xbox_controller/lib/python3.10/site-packages/xbox_controller-0.0.0-py3.10.egg-info
running install_scripts
Installing reader script to /home/jadoom/ROS2Humble-Training/ros2_ws/install/xbox_controller/lib/xbox_controller
writing list of installed files to '/home/jadoom/ROS2Humble-Training/ros2_ws/build/xbox_controller/install.log'
