[0.283s] Invoking command in '/home/jadoom/ROS2Humble-Training/ros2_ws/src/xbox_controller': PYTHONPATH=/home/jadoom/ROS2Humble-Training/ros2_ws/build/xbox_controller/prefix_override:/usr/lib/python3/dist-packages/colcon_core/task/python/colcon_distutils_commands:/home/jadoom/ROS2Humble-Training/ros2_ws/install/xbox_controller/lib/python3.10/site-packages:${PYTHONPATH} /usr/bin/python3 -W ignore:setup.py install is deprecated -W ignore:easy_install command is deprecated setup.py egg_info --egg-base ../../build/xbox_controller build --build-base /home/jadoom/ROS2Humble-Training/ros2_ws/build/xbox_controller/build install --record /home/jadoom/ROS2Humble-Training/ros2_ws/build/xbox_controller/install.log --single-version-externally-managed install_data
[0.390s] running egg_info
[0.390s] creating ../../build/xbox_controller/xbox_controller.egg-info
[0.390s] writing ../../build/xbox_controller/xbox_controller.egg-info/PKG-INFO
[0.390s] writing dependency_links to ../../build/xbox_controller/xbox_controller.egg-info/dependency_links.txt
[0.390s] writing entry points to ../../build/xbox_controller/xbox_controller.egg-info/entry_points.txt
[0.390s] writing requirements to ../../build/xbox_controller/xbox_controller.egg-info/requires.txt
[0.390s] writing top-level names to ../../build/xbox_controller/xbox_controller.egg-info/top_level.txt
[0.391s] writing manifest file '../../build/xbox_controller/xbox_controller.egg-info/SOURCES.txt'
[0.391s] reading manifest file '../../build/xbox_controller/xbox_controller.egg-info/SOURCES.txt'
[0.391s] adding license file 'LICENSE'
[0.391s] writing manifest file '../../build/xbox_controller/xbox_controller.egg-info/SOURCES.txt'
[0.391s] running build
[0.391s] running build_py
[0.391s] creating /home/jadoom/ROS2Humble-Training/ros2_ws/build/xbox_controller/build
[0.391s] creating /home/jadoom/ROS2Humble-Training/ros2_ws/build/xbox_controller/build/lib
[0.391s] creating /home/jadoom/ROS2Humble-Training/ros2_ws/build/xbox_controller/build/lib/xbox_controller
[0.391s] copying xbox_controller/xbox_reader.py -> /home/jadoom/ROS2Humble-Training/ros2_ws/build/xbox_controller/build/lib/xbox_controller
[0.391s] copying xbox_controller/__init__.py -> /home/jadoom/ROS2Humble-Training/ros2_ws/build/xbox_controller/build/lib/xbox_controller
[0.391s] running install
[0.391s] running install_lib
[0.391s] creating /home/jadoom/ROS2Humble-Training/ros2_ws/install/xbox_controller/lib/python3.10/site-packages/xbox_controller
[0.392s] copying /home/jadoom/ROS2Humble-Training/ros2_ws/build/xbox_controller/build/lib/xbox_controller/xbox_reader.py -> /home/jadoom/ROS2Humble-Training/ros2_ws/install/xbox_controller/lib/python3.10/site-packages/xbox_controller
[0.392s] copying /home/jadoom/ROS2Humble-Training/ros2_ws/build/xbox_controller/build/lib/xbox_controller/__init__.py -> /home/jadoom/ROS2Humble-Training/ros2_ws/install/xbox_controller/lib/python3.10/site-packages/xbox_controller
[0.392s] byte-compiling /home/jadoom/ROS2Humble-Training/ros2_ws/install/xbox_controller/lib/python3.10/site-packages/xbox_controller/xbox_reader.py to xbox_reader.cpython-310.pyc
[0.392s] byte-compiling /home/jadoom/ROS2Humble-Training/ros2_ws/install/xbox_controller/lib/python3.10/site-packages/xbox_controller/__init__.py to __init__.cpython-310.pyc
[0.392s] running install_data
[0.392s] creating /home/jadoom/ROS2Humble-Training/ros2_ws/install/xbox_controller/share/ament_index
[0.392s] creating /home/jadoom/ROS2Humble-Training/ros2_ws/install/xbox_controller/share/ament_index/resource_index
[0.392s] creating /home/jadoom/ROS2Humble-Training/ros2_ws/install/xbox_controller/share/ament_index/resource_index/packages
[0.392s] copying resource/xbox_controller -> /home/jadoom/ROS2Humble-Training/ros2_ws/install/xbox_controller/share/ament_index/resource_index/packages
[0.392s] copying package.xml -> /home/jadoom/ROS2Humble-Training/ros2_ws/install/xbox_controller/share/xbox_controller
[0.392s] running install_egg_info
[0.395s] Copying ../../build/xbox_controller/xbox_controller.egg-info to /home/jadoom/ROS2Humble-Training/ros2_ws/install/xbox_controller/lib/python3.10/site-packages/xbox_controller-0.0.0-py3.10.egg-info
[0.395s] running install_scripts
[0.401s] Installing reader script to /home/jadoom/ROS2Humble-Training/ros2_ws/install/xbox_controller/lib/xbox_controller
[0.402s] writing list of installed files to '/home/jadoom/ROS2Humble-Training/ros2_ws/build/xbox_controller/install.log'
[0.413s] Invoked command in '/home/jadoom/ROS2Humble-Training/ros2_ws/src/xbox_controller' returned '0': PYTHONPATH=/home/jadoom/ROS2Humble-Training/ros2_ws/build/xbox_controller/prefix_override:/usr/lib/python3/dist-packages/colcon_core/task/python/colcon_distutils_commands:/home/jadoom/ROS2Humble-Training/ros2_ws/install/xbox_controller/lib/python3.10/site-packages:${PYTHONPATH} /usr/bin/python3 -W ignore:setup.py install is deprecated -W ignore:easy_install command is deprecated setup.py egg_info --egg-base ../../build/xbox_controller build --build-base /home/jadoom/ROS2Humble-Training/ros2_ws/build/xbox_controller/build install --record /home/jadoom/ROS2Humble-Training/ros2_ws/build/xbox_controller/install.log --single-version-externally-managed install_data
